<?xml version="1.0" encoding="UTF-8"?>
<!-- Generated by org.testng.reporters.JUnitReportReporter -->
<testsuite ignored="0" hostname="SRAINA-NB" failures="0" tests="1" name="test.LoginTest" time="3.239" errors="0" timestamp="17 Nov 2022 14:45:38 GMT" skipped="0">
  <testcase classname="test.LoginTest" name="testLoginNegative" time="3.239"/>
</testsuite> <!-- test.LoginTest -->
