<?xml version="1.0" encoding="UTF-8"?>
<!-- Generated by org.testng.reporters.JUnitReportReporter -->
<testsuite ignored="0" hostname="DESKTOP-M8LBSK5" failures="0" tests="1" name="test.Test1" time="1.841" errors="0" timestamp="01 Sep 2021 19:25:29 GMT" skipped="0">
  <testcase classname="test.Test1" name="test" time="1.841"/>
</testsuite> <!-- test.Test1 -->
