<?xml version="1.0" encoding="UTF-8"?>
<!-- Generated by org.testng.reporters.JUnitReportReporter -->
<testsuite name="test.Test1" tests="1" time="4.401" ignored="0" failures="0" timestamp="17 Feb 2020 17:03:44 GMT" skipped="0" hostname="LAPTOP-D34DC2QJ" errors="0">
  <testcase name="test" time="4.401" classname="test.Test1"/>
</testsuite> <!-- test.Test1 -->
