<?xml version="1.0" encoding="UTF-8"?>
<!-- Generated by org.testng.reporters.JUnitReportReporter -->
<testsuite ignored="0" hostname="DESKTOP-M8LBSK5" failures="0" tests="2" name="test.Test1" time="1.953" errors="0" timestamp="16 Dec 2021 11:30:42 GMT" skipped="0">
  <testcase classname="test.Test1" name="test1" time="0.213"/>
  <testcase classname="test.Test1" name="testLoginPositive" time="1.740"/>
</testsuite> <!-- test.Test1 -->
