<?xml version="1.0" encoding="UTF-8"?>
<!-- Generated by org.testng.reporters.JUnitReportReporter -->
<testsuite ignored="0" hostname="DESKTOP-M8LBSK5" failures="0" tests="2" name="test.LoginTest" time="2.910" errors="0" timestamp="17 Dec 2021 13:55:41 GMT" skipped="0">
  <testcase classname="test.LoginTest" name="testLoginNegative" time="2.802"/>
  <testcase classname="test.LoginTest" name="test1" time="0.108"/>
</testsuite> <!-- test.LoginTest -->
