<?xml version="1.0" encoding="UTF-8"?>
<!-- Generated by org.testng.reporters.JUnitReportReporter -->
<testsuite ignored="0" hostname="DESKTOP-M8LBSK5" failures="0" tests="2" name="test.LoginTest" time="4.430" errors="0" timestamp="18 Dec 2021 08:54:05 GMT" skipped="0">
  <testcase classname="test.LoginTest" name="testLoginNegative" time="4.213"/>
  <testcase classname="test.LoginTest" name="test1" time="0.217"/>
</testsuite> <!-- test.LoginTest -->
