<?xml version="1.0" encoding="UTF-8"?>
<!-- Generated by org.testng.reporters.JUnitReportReporter -->
<testsuite hostname="DESKTOP-M8LBSK5" failures="0" tests="1" name="test.LoginTest" time="2.114" errors="0" timestamp="2024-04-06T18:11:29 IST" skipped="0">
  <testcase classname="test.LoginTest" name="testLoginNegative" time="2.114"/>
  <system-out/>
</testsuite> <!-- test.LoginTest -->
